# JRE version: Java(TM) SE Runtime Environment (8.0_131-b11) (build 1.8.0_131-b11)
# Java VM: Java HotSpot(TM) 64-Bit Server VM (25.131-b11 mixed mode windows-amd64 compressed oops)
Heap:
 PSYoungGen      total 40960K, used 8550K [0x00000000e0c00000, 0x00000000e3b00000, 0x0000000100000000)
  eden space 33792K, 17% used [0x00000000e0c00000,0x00000000e11c4c30,0x00000000e2d00000)
  from space 7168K, 36% used [0x00000000e3400000,0x00000000e3694f40,0x00000000e3b00000)
  to   space 7168K, 0% used [0x00000000e2d00000,0x00000000e2d00000,0x00000000e3400000)
 ParOldGen       total 43008K, used 6373K [0x00000000a2400000, 0x00000000a4e00000, 0x00000000e0c00000)
  object space 43008K, 14% used [0x00000000a2400000,0x00000000a2a39468,0x00000000a4e00000)
 Metaspace       used 23001K, capacity 23278K, committed 23472K, reserved 1069056K
  class space    used 2855K, capacity 2960K, committed 3072K, reserved 1048576K
GC Heap History (10 events):
Event: 4.997 GC heap before
{Heap before GC invocations=7 (full 0):
 PSYoungGen      total 28160K, used 28129K [0x00000000e0c00000, 0x00000000e2b00000, 0x0000000100000000)
  eden space 24576K, 100% used [0x00000000e0c00000,0x00000000e2400000,0x00000000e2400000)
  from space 3584K, 99% used [0x00000000e2780000,0x00000000e2af86b8,0x00000000e2b00000)
  to   space 3584K, 0% used [0x00000000e2400000,0x00000000e2400000,0x00000000e2780000)
 ParOldGen       total 64512K, used 5966K [0x00000000a2400000, 0x00000000a6300000, 0x00000000e0c00000)
  object space 64512K, 9% used [0x00000000a2400000,0x00000000a29d38e0,0x00000000a6300000)
 Metaspace       used 19213K, capacity 19348K, committed 19584K, reserved 1067008K
  class space    used 2352K, capacity 2385K, committed 2432K, reserved 1048576K
Event: 5.006 GC heap after
Heap after GC invocations=7 (full 0):
 PSYoungGen      total 28160K, used 3562K [0x00000000e0c00000, 0x00000000e2b00000, 0x0000000100000000)
  eden space 24576K, 0% used [0x00000000e0c00000,0x00000000e0c00000,0x00000000e2400000)
  from space 3584K, 99% used [0x00000000e2400000,0x00000000e277ab48,0x00000000e2780000)
  to   space 3584K, 0% used [0x00000000e2780000,0x00000000e2780000,0x00000000e2b00000)
 ParOldGen       total 64512K, used 7676K [0x00000000a2400000, 0x00000000a6300000, 0x00000000e0c00000)
  object space 64512K, 11% used [0x00000000a2400000,0x00000000a2b7f330,0x00000000a6300000)
 Metaspace       used 19213K, capacity 19348K, committed 19584K, reserved 1067008K
  class space    used 2352K, capacity 2385K, committed 2432K, reserved 1048576K
}
Event: 5.256 GC heap before
{Heap before GC invocations=8 (full 0):
 PSYoungGen      total 28160K, used 27085K [0x00000000e0c00000, 0x00000000e2b00000, 0x0000000100000000)
  eden space 24576K, 95% used [0x00000000e0c00000,0x00000000e22f8910,0x00000000e2400000)
  from space 3584K, 99% used [0x00000000e2400000,0x00000000e277ab48,0x00000000e2780000)
  to   space 3584K, 0% used [0x00000000e2780000,0x00000000e2780000,0x00000000e2b00000)
 ParOldGen       total 64512K, used 7676K [0x00000000a2400000, 0x00000000a6300000, 0x00000000e0c00000)
  object space 64512K, 11% used [0x00000000a2400000,0x00000000a2b7f330,0x00000000a6300000)
 Metaspace       used 20983K, capacity 21202K, committed 21296K, reserved 1069056K
  class space    used 2557K, capacity 2662K, committed 2688K, reserved 1048576K
Event: 5.263 GC heap after
Heap after GC invocations=8 (full 0):
 PSYoungGen      total 28160K, used 3452K [0x00000000e0c00000, 0x00000000e2b00000, 0x0000000100000000)
  eden space 24576K, 0% used [0x00000000e0c00000,0x00000000e0c00000,0x00000000e2400000)
  from space 3584K, 96% used [0x00000000e2780000,0x00000000e2adf1e8,0x00000000e2b00000)
  to   space 3584K, 0% used [0x00000000e2400000,0x00000000e2400000,0x00000000e2780000)
 ParOldGen       total 64512K, used 8350K [0x00000000a2400000, 0x00000000a6300000, 0x00000000e0c00000)
  object space 64512K, 12% used [0x00000000a2400000,0x00000000a2c27b60,0x00000000a6300000)
 Metaspace       used 20983K, capacity 21202K, committed 21296K, reserved 1069056K
  class space    used 2557K, capacity 2662K, committed 2688K, reserved 1048576K
}
Event: 5.263 GC heap before
{Heap before GC invocations=9 (full 1):
 PSYoungGen      total 28160K, used 3452K [0x00000000e0c00000, 0x00000000e2b00000, 0x0000000100000000)
  eden space 24576K, 0% used [0x00000000e0c00000,0x00000000e0c00000,0x00000000e2400000)
  from space 3584K, 96% used [0x00000000e2780000,0x00000000e2adf1e8,0x00000000e2b00000)
  to   space 3584K, 0% used [0x00000000e2400000,0x00000000e2400000,0x00000000e2780000)
 ParOldGen       total 64512K, used 8350K [0x00000000a2400000, 0x00000000a6300000, 0x00000000e0c00000)
  object space 64512K, 12% used [0x00000000a2400000,0x00000000a2c27b60,0x00000000a6300000)
 Metaspace       used 20983K, capacity 21202K, committed 21296K, reserved 1069056K
  class space    used 2557K, capacity 2662K, committed 2688K, reserved 1048576K
Event: 5.327 GC heap after
Heap after GC invocations=9 (full 1):
 PSYoungGen      total 28160K, used 0K [0x00000000e0c00000, 0x00000000e2b00000, 0x0000000100000000)
  eden space 24576K, 0% used [0x00000000e0c00000,0x00000000e0c00000,0x00000000e2400000)
  from space 3584K, 0% used [0x00000000e2780000,0x00000000e2780000,0x00000000e2b00000)
  to   space 3584K, 0% used [0x00000000e2400000,0x00000000e2400000,0x00000000e2780000)
 ParOldGen       total 43008K, used 6357K [0x00000000a2400000, 0x00000000a4e00000, 0x00000000e0c00000)
  object space 43008K, 14% used [0x00000000a2400000,0x00000000a2a35468,0x00000000a4e00000)
 Metaspace       used 20983K, capacity 21202K, committed 21296K, reserved 1069056K
  class space    used 2557K, capacity 2662K, committed 2688K, reserved 1048576K
}
Event: 5.581 GC heap before
{Heap before GC invocations=10 (full 1):
 PSYoungGen      total 28160K, used 24576K [0x00000000e0c00000, 0x00000000e2b00000, 0x0000000100000000)
  eden space 24576K, 100% used [0x00000000e0c00000,0x00000000e2400000,0x00000000e2400000)
  from space 3584K, 0% used [0x00000000e2780000,0x00000000e2780000,0x00000000e2b00000)
  to   space 3584K, 0% used [0x00000000e2400000,0x00000000e2400000,0x00000000e2780000)
 ParOldGen       total 43008K, used 6357K [0x00000000a2400000, 0x00000000a4e00000, 0x00000000e0c00000)
  object space 43008K, 14% used [0x00000000a2400000,0x00000000a2a35468,0x00000000a4e00000)
 Metaspace       used 21266K, capacity 21514K, committed 21680K, reserved 1069056K
  class space    used 2601K, capacity 2698K, committed 2816K, reserved 1048576K
Event: 5.586 GC heap after
Heap after GC invocations=10 (full 1):
 PSYoungGen      total 28160K, used 987K [0x00000000e0c00000, 0x00000000e3b00000, 0x0000000100000000)
  eden space 24576K, 0% used [0x00000000e0c00000,0x00000000e0c00000,0x00000000e2400000)
  from space 3584K, 27% used [0x00000000e2400000,0x00000000e24f6d60,0x00000000e2780000)
  to   space 7168K, 0% used [0x00000000e3400000,0x00000000e3400000,0x00000000e3b00000)
 ParOldGen       total 43008K, used 6365K [0x00000000a2400000, 0x00000000a4e00000, 0x00000000e0c00000)
  object space 43008K, 14% used [0x00000000a2400000,0x00000000a2a37468,0x00000000a4e00000)
 Metaspace       used 21266K, capacity 21514K, committed 21680K, reserved 1069056K
  class space    used 2601K, capacity 2698K, committed 2816K, reserved 1048576K
}
Event: 5.978 GC heap before
{Heap before GC invocations=11 (full 1):
 PSYoungGen      total 28160K, used 25563K [0x00000000e0c00000, 0x00000000e3b00000, 0x0000000100000000)
  eden space 24576K, 100% used [0x00000000e0c00000,0x00000000e2400000,0x00000000e2400000)
  from space 3584K, 27% used [0x00000000e2400000,0x00000000e24f6d60,0x00000000e2780000)
  to   space 7168K, 0% used [0x00000000e3400000,0x00000000e3400000,0x00000000e3b00000)
 ParOldGen       total 43008K, used 6365K [0x00000000a2400000, 0x00000000a4e00000, 0x00000000e0c00000)
  object space 43008K, 14% used [0x00000000a2400000,0x00000000a2a37468,0x00000000a4e00000)
 Metaspace       used 22560K, capacity 22830K, committed 23088K, reserved 1069056K
  class space    used 2795K, capacity 2896K, committed 2944K, reserved 1048576K
Event: 5.984 GC heap after
Heap after GC invocations=11 (full 1):
 PSYoungGen      total 40960K, used 2643K [0x00000000e0c00000, 0x00000000e3b00000, 0x0000000100000000)
  eden space 33792K, 0% used [0x00000000e0c00000,0x00000000e0c00000,0x00000000e2d00000)
  from space 7168K, 36% used [0x00000000e3400000,0x00000000e3694f40,0x00000000e3b00000)
  to   space 7168K, 0% used [0x00000000e2d00000,0x00000000e2d00000,0x00000000e3400000)
 ParOldGen       total 43008K, used 6373K [0x00000000a2400000, 0x00000000a4e00000, 0x00000000e0c00000)
  object space 43008K, 14% used [0x00000000a2400000,0x00000000a2a39468,0x00000000a4e00000)
 Metaspace       used 22560K, capacity 22830K, committed 23088K, reserved 1069056K
  class space    used 2795K, capacity 2896K, committed 2944K, reserved 1048576K
}

